<?xml version="1.0" encoding="UTF-8"?>
<testsuite xmlns:xsi="http://www.w3.org/2001/XMLSchema-instance" xsi:noNamespaceSchemaLocation="https://maven.apache.org/surefire/maven-surefire-plugin/xsd/surefire-test-report.xsd" version="3.0.2" name="com.spg.services.LargestServiceTest" time="0.072" tests="1" errors="0" skipped="0" failures="0">
  <properties>
    <property name="java.specification.version" value="17"/>
    <property name="sun.cpu.isalist" value="amd64"/>
    <property name="sun.jnu.encoding" value="Cp1252"/>
    <property name="java.class.path" value="C:\S&amp;P\testing\02.junit5-app\target\test-classes;C:\S&amp;P\testing\02.junit5-app\target\classes;C:\Users\Sunil Joseph\.m2\repository\org\junit\jupiter\junit-jupiter-engine\5.14.0\junit-jupiter-engine-5.14.0.jar;C:\Users\Sunil Joseph\.m2\repository\org\junit\platform\junit-platform-engine\1.14.0\junit-platform-engine-1.14.0.jar;C:\Users\Sunil Joseph\.m2\repository\org\opentest4j\opentest4j\1.3.0\opentest4j-1.3.0.jar;C:\Users\Sunil Joseph\.m2\repository\org\junit\platform\junit-platform-commons\1.14.0\junit-platform-commons-1.14.0.jar;C:\Users\Sunil Joseph\.m2\repository\org\junit\jupiter\junit-jupiter-api\5.14.0\junit-jupiter-api-5.14.0.jar;C:\Users\Sunil Joseph\.m2\repository\org\apiguardian\apiguardian-api\1.1.2\apiguardian-api-1.1.2.jar;"/>
    <property name="java.vm.vendor" value="Oracle Corporation"/>
    <property name="sun.arch.data.model" value="64"/>
    <property name="user.variant" value=""/>
    <property name="java.vendor.url" value="https://java.oracle.com/"/>
    <property name="user.timezone" value="Asia/Calcutta"/>
    <property name="os.name" value="Windows 10"/>
    <property name="java.vm.specification.version" value="17"/>
    <property name="sun.java.launcher" value="SUN_STANDARD"/>
    <property name="user.country" value="IN"/>
    <property name="sun.boot.library.path" value="C:\jdk-17.0.0.1\bin"/>
    <property name="sun.java.command" value="C:\Users\Sunil Joseph\AppData\Local\Temp\surefire5335775530519168379\surefirebooter-20251008003320125_3.jar C:\Users\Sunil Joseph\AppData\Local\Temp\surefire5335775530519168379 2025-10-08T00-33-19_944-jvmRun1 surefire-20251008003320125_1tmp surefire_0-20251008003320125_2tmp"/>
    <property name="jdk.debug" value="release"/>
    <property name="surefire.test.class.path" value="C:\S&amp;P\testing\02.junit5-app\target\test-classes;C:\S&amp;P\testing\02.junit5-app\target\classes;C:\Users\Sunil Joseph\.m2\repository\org\junit\jupiter\junit-jupiter-engine\5.14.0\junit-jupiter-engine-5.14.0.jar;C:\Users\Sunil Joseph\.m2\repository\org\junit\platform\junit-platform-engine\1.14.0\junit-platform-engine-1.14.0.jar;C:\Users\Sunil Joseph\.m2\repository\org\opentest4j\opentest4j\1.3.0\opentest4j-1.3.0.jar;C:\Users\Sunil Joseph\.m2\repository\org\junit\platform\junit-platform-commons\1.14.0\junit-platform-commons-1.14.0.jar;C:\Users\Sunil Joseph\.m2\repository\org\junit\jupiter\junit-jupiter-api\5.14.0\junit-jupiter-api-5.14.0.jar;C:\Users\Sunil Joseph\.m2\repository\org\apiguardian\apiguardian-api\1.1.2\apiguardian-api-1.1.2.jar;"/>
    <property name="sun.cpu.endian" value="little"/>
    <property name="user.home" value="C:\Users\Sunil Joseph"/>
    <property name="user.language" value="en"/>
    <property name="java.specification.vendor" value="Oracle Corporation"/>
    <property name="java.version.date" value="2024-07-02"/>
    <property name="java.home" value="C:\jdk-17.0.0.1"/>
    <property name="file.separator" value="\"/>
    <property name="style.color" value="always"/>
    <property name="basedir" value="C:\S&amp;P\testing\02.junit5-app"/>
    <property name="java.vm.compressedOopsMode" value="Zero based"/>
    <property name="line.separator" value="&#10;"/>
    <property name="java.vm.specification.vendor" value="Oracle Corporation"/>
    <property name="java.specification.name" value="Java Platform API Specification"/>
    <property name="surefire.real.class.path" value="C:\Users\Sunil Joseph\AppData\Local\Temp\surefire5335775530519168379\surefirebooter-20251008003320125_3.jar"/>
    <property name="user.script" value=""/>
    <property name="sun.management.compiler" value="HotSpot 64-Bit Tiered Compilers"/>
    <property name="java.runtime.version" value="17.0.0.1+2-3"/>
    <property name="user.name" value="Sunil Joseph"/>
    <property name="path.separator" value=";"/>
    <property name="os.version" value="10.0"/>
    <property name="java.runtime.name" value="OpenJDK Runtime Environment"/>
    <property name="file.encoding" value="Cp1252"/>
    <property name="java.vm.name" value="OpenJDK 64-Bit Server VM"/>
    <property name="localRepository" value="C:\Users\Sunil Joseph\.m2\repository"/>
    <property name="java.vendor.url.bug" value="https://bugreport.java.com/bugreport/"/>
    <property name="java.io.tmpdir" value="C:\Users\SUNILJ~1\AppData\Local\Temp\"/>
    <property name="java.version" value="17.0.0.1"/>
    <property name="user.dir" value="C:\S&amp;P\testing\02.junit5-app"/>
    <property name="os.arch" value="amd64"/>
    <property name="java.vm.specification.name" value="Java Virtual Machine Specification"/>
    <property name="sun.os.patch.level" value=""/>
    <property name="native.encoding" value="Cp1252"/>
    <property name="java.library.path" value="C:\jdk-17.0.0.1\bin;C:\WINDOWS\Sun\Java\bin;C:\WINDOWS\system32;C:\WINDOWS;C:/eclipse//plugins/org.eclipse.justj.openjdk.hotspot.jre.full.win32.x86_64_21.0.6.v20250130-0529/jre/bin/server;C:/eclipse//plugins/org.eclipse.justj.openjdk.hotspot.jre.full.win32.x86_64_21.0.6.v20250130-0529/jre/bin;C:\WINDOWS\system32;C:\WINDOWS;C:\WINDOWS\System32\Wbem;C:\WINDOWS\System32\WindowsPowerShell\v1.0\;C:\WINDOWS\System32\OpenSSH\;C:\Program Files\Docker\Docker\resources\bin;C:\ProgramData\chocolatey\bin;C:\Program Files\MongoDB\mongosh-2.2.15-win32-x64\bin;C:\Program Files\MySQL\MySQL Server 8.0\bin;C:\Program Files\PuTTY\;C:\Program Files\Amazon\AWSCLIV2\;C:\Users\Sunil Joseph\Downloads\eksctl_Windows_amd64;C:\Program Files\Git\cmd;C:\Program Files\MongoDB\Server\8.0\bin;C:\Users\Sunil Joseph\Downloads\mongosh-2.5.1-win32-x64\bin;C:\Program Files\nodejs\;C:\Program Files\Docker\Docker\resources\bin;C:\jdk-17.0.0.1\bin;C:\S&amp;P\libraries\apache-maven-3.9.11\bin;C:\Users\Sunil Joseph\scoop\shims;C:\Program Files\MySQL\MySQL Shell 8.0\bin\;C:\Users\Sunil Joseph\AppData\Local\Microsoft\WindowsApps;C:\Users\Sunil Joseph\AppData\Local\GitHubDesktop\bin;C:\Users\Sunil Joseph\AppData\Local\Programs\Microsoft VS Code\bin;C:\Users\Sunil Joseph\AppData\Roaming\npm;C:\eclipse;;."/>
    <property name="java.vm.info" value="mixed mode, sharing"/>
    <property name="java.vendor" value="Oracle Corporation"/>
    <property name="java.vm.version" value="17.0.0.1+2-3"/>
    <property name="java.specification.maintenance.version" value="1"/>
    <property name="sun.io.unicode.encoding" value="UnicodeLittle"/>
    <property name="java.class.version" value="61.0"/>
  </properties>
  <testcase name="testFindLargest" classname="com.spg.services.LargestServiceTest" time="0.031">
    <system-out><![CDATA[-- before all the tests
====== before each test ---> testFindLargest
====== after each test  ---> testFindLargest
]]></system-out>
    <system-err><![CDATA[Oct 08, 2025 12:33:20 AM org.junit.platform.launcher.core.DiscoveryIssueNotifier logIssues
WARNING: TestEngine with ID 'junit-jupiter' encountered a non-critical issue during test discovery:

(1) [WARNING] Possible configuration error: method [void com.spg.services.PalindromeCheckTest.testIsPalindromePass()] resulted in multiple TestDescriptors [org.junit.jupiter.engine.descriptor.TestMethodTestDescriptor, org.junit.jupiter.engine.descriptor.TestTemplateTestDescriptor]. This is typically the result of annotating a method with multiple competing annotations such as @Test, @RepeatedTest, @ParameterizedTest, @TestFactory, etc.
    Source: MethodSource [className = 'com.spg.services.PalindromeCheckTest', methodName = 'testIsPalindromePass', methodParameterTypes = '']
            at com.spg.services.PalindromeCheckTest.testIsPalindromePass(SourceFile:0)
]]></system-err>
  </testcase>
</testsuite>